#
# There is insufficient memory for the Java Runtime Environment to continue.
# Native memory allocation (malloc) failed to allocate 1060336 bytes for Chunk::new
# Possible reasons:
#   The system is out of physical RAM or swap space
#   The process is running with CompressedOops enabled, and the Java Heap may be blocking the growth of the native heap
# Possible solutions:
#   Reduce memory load on the system
#   Increase physical memory or swap space
#   Check if swap backing store is full
#   Decrease Java heap size (-Xmx/-Xms)
#   Decrease number of Java threads
#   Decrease Java thread stack sizes (-Xss)
#   Set larger code cache with -XX:ReservedCodeCacheSize=
#   JVM is running with Unscaled Compressed Oops mode in which the Java heap is
#     placed in the first 4GB address space. The Java Heap base address is the
#     maximum limit for the native heap growth. Please use -XX:HeapBaseMinAddress
#     to set the Java Heap base and to place the Java Heap above 4GB virtual address.
# This output file may be truncated or incomplete.
#
#  Out of Memory Error (./src/hotspot/share/memory/arena.cpp:197), pid=7340, tid=13952
#
# JRE version: OpenJDK Runtime Environment (11.0.10) (build 11.0.10+0-b96-7249189)
# Java VM: OpenJDK 64-Bit Server VM (11.0.10+0-b96-7249189, mixed mode, tiered, compressed oops, g1 gc, windows-amd64)
# No core dump will be written. Minidumps are not enabled by default on client versions of Windows
#

---------------  S U M M A R Y ------------

Command Line: --add-opens=java.base/java.util=ALL-UNNAMED --add-opens=java.base/java.lang=ALL-UNNAMED --add-opens=java.base/java.lang.invoke=ALL-UNNAMED --add-opens=java.base/java.util=ALL-UNNAMED --add-opens=java.prefs/java.util.prefs=ALL-UNNAMED --add-opens=java.prefs/java.util.prefs=ALL-UNNAMED --add-opens=java.base/java.nio.charset=ALL-UNNAMED --add-opens=java.base/java.net=ALL-UNNAMED --add-opens=java.base/java.util.concurrent.atomic=ALL-UNNAMED -Xmx2048m -Dfile.encoding=UTF-8 -Duser.country=US -Duser.language=en -Duser.variant org.gradle.launcher.daemon.bootstrap.GradleDaemon 7.0.2

Host: Intel(R) Core(TM) i5-8250U CPU @ 1.60GHz, 8 cores, 7G,  Windows 10 , 64 bit Build 19041 (10.0.19041.1466)
Time: Mon Mar  7 10:56:32 2022 India Standard Time elapsed time: 962.232707 seconds (0d 0h 16m 2s)

---------------  T H R E A D  ---------------

Current thread (0x000002bd8fe7a800):  JavaThread "C2 CompilerThread1" daemon [_thread_in_native, id=13952, stack(0x000000c981900000,0x000000c981a00000)]


Current CompileTask:
C2: 962232 17973 %     4       org.gradle.internal.instantiation.generator.AbstractClassGenerator::inspectType @ 107 (560 bytes)

Stack: [0x000000c981900000,0x000000c981a00000]
Native frames: (J=compiled Java code, j=interpreted, Vv=VM code, C=native code)
V  [jvm.dll+0x5ecfaa]
V  [jvm.dll+0x722bd5]
V  [jvm.dll+0x72412d]
V  [jvm.dll+0x7247e3]
V  [jvm.dll+0x242928]
V  [jvm.dll+0xbc4fc]
V  [jvm.dll+0xbca0c]
V  [jvm.dll+0x2b4fd4]
V  [jvm.dll+0x506028]
V  [jvm.dll+0x203253]
V  [jvm.dll+0x1fd07c]
V  [jvm.dll+0x1fa77f]
V  [jvm.dll+0x18354c]
V  [jvm.dll+0x208ee7]
V  [jvm.dll+0x207731]
V  [jvm.dll+0x6eb1cf]
V  [jvm.dll+0x6e3d45]
V  [jvm.dll+0x5ebe96]
C  [ucrtbase.dll+0x21bb2]
C  [KERNEL32.DLL+0x17034]
C  [ntdll.dll+0x52651]


---------------  P R O C E S S  ---------------

Threads class SMR info:
_java_thread_list=0x000002bd94af2ff0, length=58, elements={
0x000002bdf35ea800, 0x000002bdffa7a800, 0x000002bdffa87800, 0x000002bdffad5000,
0x000002bdffad7000, 0x000002bdffad8000, 0x000002bdffad9000, 0x000002bdffada800,
0x000002bdffae1800, 0x000002bdffc4b800, 0x000002bd907c0800, 0x000002bd900e6800,
0x000002bdffdaa800, 0x000002bd9168c800, 0x000002bd9168f000, 0x000002bd9168b800,
0x000002bd9168a000, 0x000002bd9168f800, 0x000002bd920ba800, 0x000002bd920bb800,
0x000002bd920b8000, 0x000002bd920b5800, 0x000002bd920b6800, 0x000002bd8fd25000,
0x000002bd8fd22000, 0x000002bd8fd27000, 0x000002bd8fd28800, 0x000002bd8fd26000,
0x000002bd8fd27800, 0x000002bd8fd2d800, 0x000002bd8fd2e000, 0x000002bd8fe79000,
0x000002bd8fe7b800, 0x000002bd9bd52800, 0x000002bd920b7000, 0x000002bd920b9800,
0x000002bd920b4000, 0x000002bd920bd000, 0x000002bd920bd800, 0x000002bd920bf800,
0x000002bd920c1000, 0x000002bd920be800, 0x000002bd920c2000, 0x000002bd920c0000,
0x000002bd920bc000, 0x000002bd8fe76800, 0x000002bd8fe7d000, 0x000002bd8fe77800,
0x000002bd8fe7e000, 0x000002bd8fe78000, 0x000002bd8fe7f800, 0x000002bd8fe7e800,
0x000002bd8fe80800, 0x000002bd8fe81000, 0x000002bd8fe82000, 0x000002bd8fe7c800,
0x000002bd8fe7a800, 0x000002bd8fd24800
}

Java Threads: ( => current thread )
  0x000002bdf35ea800 JavaThread "main" [_thread_blocked, id=11028, stack(0x000000c9fdd00000,0x000000c9fde00000)]
  0x000002bdffa7a800 JavaThread "Reference Handler" daemon [_thread_blocked, id=3580, stack(0x000000c9fe400000,0x000000c9fe500000)]
  0x000002bdffa87800 JavaThread "Finalizer" daemon [_thread_blocked, id=8348, stack(0x000000c9fe500000,0x000000c9fe600000)]
  0x000002bdffad5000 JavaThread "Signal Dispatcher" daemon [_thread_blocked, id=16692, stack(0x000000c9fe600000,0x000000c9fe700000)]
  0x000002bdffad7000 JavaThread "Attach Listener" daemon [_thread_blocked, id=2904, stack(0x000000c9fe700000,0x000000c9fe800000)]
  0x000002bdffad8000 JavaThread "Service Thread" daemon [_thread_blocked, id=8892, stack(0x000000c9fe800000,0x000000c9fe900000)]
  0x000002bdffad9000 JavaThread "C2 CompilerThread0" daemon [_thread_in_native, id=5772, stack(0x000000c9fe900000,0x000000c9fea00000)]
  0x000002bdffada800 JavaThread "C1 CompilerThread0" daemon [_thread_blocked, id=15980, stack(0x000000c9fea00000,0x000000c9feb00000)]
  0x000002bdffae1800 JavaThread "Sweeper thread" daemon [_thread_blocked, id=13392, stack(0x000000c9feb00000,0x000000c9fec00000)]
  0x000002bdffc4b800 JavaThread "Common-Cleaner" daemon [_thread_blocked, id=9196, stack(0x000000c9fec00000,0x000000c9fed00000)]
  0x000002bd907c0800 JavaThread "Daemon health stats" [_thread_blocked, id=576, stack(0x000000c9ff200000,0x000000c9ff300000)]
  0x000002bd900e6800 JavaThread "Incoming local TCP Connector on port 63653" [_thread_in_native, id=10996, stack(0x000000c9fee00000,0x000000c9fef00000)]
  0x000002bdffdaa800 JavaThread "Daemon periodic checks" [_thread_blocked, id=13356, stack(0x000000c9ff100000,0x000000c9ff200000)]
  0x000002bd9168c800 JavaThread "Cache worker for file hash cache (C:\Users\Kamlesh\.gradle\caches\7.0.2\fileHashes)" [_thread_blocked, id=11660, stack(0x000000c9ffb00000,0x000000c9ffc00000)]
  0x000002bd9168f000 JavaThread "File lock request listener" [_thread_in_native, id=6260, stack(0x000000c9ffc00000,0x000000c9ffd00000)]
  0x000002bd9168b800 JavaThread "Cache worker for journal cache (C:\Users\Kamlesh\.gradle\caches\journal-1)" [_thread_blocked, id=4644, stack(0x000000c980300000,0x000000c980400000)]
  0x000002bd9168a000 JavaThread "File watcher server" daemon [_thread_in_native, id=1416, stack(0x000000c980500000,0x000000c980600000)]
  0x000002bd9168f800 JavaThread "File watcher consumer" daemon [_thread_blocked, id=10556, stack(0x000000c980600000,0x000000c980700000)]
  0x000002bd920ba800 JavaThread "Cache worker for execution history cache (C:\Users\Kamlesh\.gradle\caches\7.0.2\executionHistory)" [_thread_blocked, id=12560, stack(0x000000c980b00000,0x000000c980c00000)]
  0x000002bd920bb800 JavaThread "jar transforms" [_thread_blocked, id=11244, stack(0x000000c980d00000,0x000000c980e00000)]
  0x000002bd920b8000 JavaThread "jar transforms Thread 2" [_thread_blocked, id=11848, stack(0x000000c980e00000,0x000000c980f00000)]
  0x000002bd920b5800 JavaThread "Cache worker for file content cache (C:\Users\Kamlesh\.gradle\caches\7.0.2\fileContent)" [_thread_blocked, id=15684, stack(0x000000c980f00000,0x000000c981000000)]
  0x000002bd920b6800 JavaThread "jar transforms Thread 3" [_thread_blocked, id=16992, stack(0x000000c980c00000,0x000000c980d00000)]
  0x000002bd8fd25000 JavaThread "jar transforms Thread 4" [_thread_blocked, id=6988, stack(0x000000c980900000,0x000000c980a00000)]
  0x000002bd8fd22000 JavaThread "jar transforms Thread 5" [_thread_blocked, id=8624, stack(0x000000c981100000,0x000000c981200000)]
  0x000002bd8fd27000 JavaThread "jar transforms Thread 6" [_thread_blocked, id=11468, stack(0x000000c981b00000,0x000000c981c00000)]
  0x000002bd8fd28800 JavaThread "jar transforms Thread 7" [_thread_blocked, id=16276, stack(0x000000c981c00000,0x000000c981d00000)]
  0x000002bd8fd26000 JavaThread "jar transforms Thread 8" [_thread_blocked, id=16028, stack(0x000000c981d00000,0x000000c981e00000)]
  0x000002bd8fd27800 JavaThread "Memory manager" [_thread_blocked, id=13648, stack(0x000000c981f00000,0x000000c982000000)]
  0x000002bd8fd2d800 JavaThread "RMI Scheduler(0)" daemon [_thread_blocked, id=9124, stack(0x000000c981e00000,0x000000c981f00000)]
  0x000002bd8fd2e000 JavaThread "RMI GC Daemon" daemon [_thread_blocked, id=4212, stack(0x000000c982a00000,0x000000c982b00000)]
  0x000002bd8fe79000 JavaThread "RMI TCP Accept-0" daemon [_thread_in_native, id=11624, stack(0x000000c982b00000,0x000000c982c00000)]
  0x000002bd8fe7b800 JavaThread "RMI Reaper" [_thread_blocked, id=12620, stack(0x000000c982c00000,0x000000c982d00000)]
  0x000002bd9bd52800 JavaThread "ForkJoinPool.commonPool-worker-11" daemon [_thread_blocked, id=13916, stack(0x000000c984400000,0x000000c984500000)]
  0x000002bd920b7000 JavaThread "RMI TCP Connection(idle)" daemon [_thread_blocked, id=8120, stack(0x000000c980400000,0x000000c980500000)]
  0x000002bd920b9800 JavaThread "Daemon Thread 3" [_thread_blocked, id=13252, stack(0x000000c980700000,0x000000c980800000)]
  0x000002bd920b4000 JavaThread "Handler for socket connection from /127.0.0.1:63653 to /127.0.0.1:64661" [_thread_in_native, id=8168, stack(0x000000c980800000,0x000000c980900000)]
  0x000002bd920bd000 JavaThread "Cancel handler" [_thread_blocked, id=10088, stack(0x000000c980a00000,0x000000c980b00000)]
  0x000002bd920bd800 JavaThread "Daemon worker Thread 3" [_thread_in_native, id=12304, stack(0x000000c981000000,0x000000c981100000)]
  0x000002bd920bf800 JavaThread "Asynchronous log dispatcher for DefaultDaemonConnection: socket connection from /127.0.0.1:63653 to /127.0.0.1:64661" [_thread_blocked, id=16452, stack(0x000000c981200000,0x000000c981300000)]
  0x000002bd920c1000 JavaThread "Stdin handler" [_thread_blocked, id=9656, stack(0x000000c981300000,0x000000c981400000)]
  0x000002bd920be800 JavaThread "Daemon client event forwarder" [_thread_blocked, id=15548, stack(0x000000c981400000,0x000000c981500000)]
  0x000002bd920c2000 JavaThread "Cache worker for file hash cache (C:\Users\Kamlesh\AndroidStudioProjects\Edvora\.gradle\7.0.2\fileHashes)" [_thread_blocked, id=10256, stack(0x000000c981500000,0x000000c981600000)]
  0x000002bd920c0000 JavaThread "Cache worker for checksums cache (C:\Users\Kamlesh\AndroidStudioProjects\Edvora\.gradle\checksums)" [_thread_blocked, id=11032, stack(0x000000c981600000,0x000000c981700000)]
  0x000002bd920bc000 JavaThread "Cache worker for cache directory md-supplier (C:\Users\Kamlesh\.gradle\caches\7.0.2\md-supplier)" [_thread_blocked, id=4656, stack(0x000000c981700000,0x000000c981800000)]
  0x000002bd8fe76800 JavaThread "Cache worker for cache directory md-rule (C:\Users\Kamlesh\.gradle\caches\7.0.2\md-rule)" [_thread_blocked, id=11504, stack(0x000000c981800000,0x000000c981900000)]
  0x000002bd8fe7d000 JavaThread "Cache worker for dependencies-accessors (C:\Users\Kamlesh\AndroidStudioProjects\Edvora\.gradle\7.0.2\dependencies-accessors)" [_thread_blocked, id=13788, stack(0x000000c981a00000,0x000000c981b00000)]
  0x000002bd8fe77800 JavaThread "Cache worker for Build Output Cleanup Cache (C:\Users\Kamlesh\AndroidStudioProjects\Edvora\.gradle\buildOutputCleanup)" [_thread_blocked, id=13912, stack(0x000000c982000000,0x000000c982100000)]
  0x000002bd8fe7e000 JavaThread "Build operations" [_thread_blocked, id=5044, stack(0x000000c982200000,0x000000c982300000)]
  0x000002bd8fe78000 JavaThread "Build operations Thread 2" [_thread_blocked, id=17376, stack(0x000000c982300000,0x000000c982400000)]
  0x000002bd8fe7f800 JavaThread "Build operations Thread 3" [_thread_blocked, id=7176, stack(0x000000c982400000,0x000000c982500000)]
  0x000002bd8fe7e800 JavaThread "Build operations Thread 4" [_thread_blocked, id=9896, stack(0x000000c982500000,0x000000c982600000)]
  0x000002bd8fe80800 JavaThread "Build operations Thread 5" [_thread_blocked, id=11344, stack(0x000000c982600000,0x000000c982700000)]
  0x000002bd8fe81000 JavaThread "Build operations Thread 6" [_thread_blocked, id=7212, stack(0x000000c982700000,0x000000c982800000)]
  0x000002bd8fe82000 JavaThread "Build operations Thread 7" [_thread_blocked, id=10064, stack(0x000000c982800000,0x000000c982900000)]
  0x000002bd8fe7c800 JavaThread "Build operations Thread 8" [_thread_blocked, id=7980, stack(0x000000c982900000,0x000000c982a00000)]
=>0x000002bd8fe7a800 JavaThread "C2 CompilerThread1" daemon [_thread_in_native, id=13952, stack(0x000000c981900000,0x000000c981a00000)]
  0x000002bd8fd24800 JavaThread "C2 CompilerThread2" daemon [_thread_in_native, id=13300, stack(0x000000c982100000,0x000000c982200000)]

Other Threads:
  0x000002bdffa78800 VMThread "VM Thread" [stack: 0x000000c9fe300000,0x000000c9fe400000] [id=12888]
  0x000002bdffc4f000 WatcherThread [stack: 0x000000c9fed00000,0x000000c9fee00000] [id=14372]
  0x000002bdf3602800 GCTaskThread "GC Thread#0" [stack: 0x000000c9fde00000,0x000000c9fdf00000] [id=16128]
  0x000002bd8fcd7800 GCTaskThread "GC Thread#1" [stack: 0x000000c9fef00000,0x000000c9ff000000] [id=3916]
  0x000002bd8f7b8000 GCTaskThread "GC Thread#2" [stack: 0x000000c9ff000000,0x000000c9ff100000] [id=11680]
  0x000002bd90e5e800 GCTaskThread "GC Thread#3" [stack: 0x000000c9ffd00000,0x000000c9ffe00000] [id=16020]
  0x000002bd91793800 GCTaskThread "GC Thread#4" [stack: 0x000000c9ffe00000,0x000000c9fff00000] [id=15676]
  0x000002bd90a1f000 GCTaskThread "GC Thread#5" [stack: 0x000000c9fff00000,0x000000ca00000000] [id=16232]
  0x000002bd91678800 GCTaskThread "GC Thread#6" [stack: 0x000000c980000000,0x000000c980100000] [id=15052]
  0x000002bd90d97800 GCTaskThread "GC Thread#7" [stack: 0x000000c980100000,0x000000c980200000] [id=12804]
  0x000002bdf3636800 ConcurrentGCThread "G1 Main Marker" [stack: 0x000000c9fdf00000,0x000000c9fe000000] [id=1016]
  0x000002bdf3638800 ConcurrentGCThread "G1 Conc#0" [stack: 0x000000c9fe000000,0x000000c9fe100000] [id=8748]
  0x000002bd8fd20000 ConcurrentGCThread "G1 Conc#1" [stack: 0x000000c980200000,0x000000c980300000] [id=484]
  0x000002bdff0ad800 ConcurrentGCThread "G1 Refine#0" [stack: 0x000000c9fe100000,0x000000c9fe200000] [id=8328]
  0x000002bdff0ae800 ConcurrentGCThread "G1 Young RemSet Sampling" [stack: 0x000000c9fe200000,0x000000c9fe300000] [id=5912]

Threads with active compile tasks:
C2 CompilerThread0 962546 17962   !   4       java.io.ObjectOutputStream::writeObject0 (619 bytes)
C2 CompilerThread1 962546 17973 %     4       org.gradle.internal.instantiation.generator.AbstractClassGenerator::inspectType @ 107 (560 bytes)
C2 CompilerThread2 962546 17968       4       java.io.ObjectOutputStream::writeClassDesc (60 bytes)

VM state:not at safepoint (normal execution)

VM Mutex/Monitor currently owned by a thread: None

Heap address: 0x0000000080000000, size: 2048 MB, Compressed Oops mode: 32-bit
Narrow klass base: 0x0000000000000000, Narrow klass shift: 3
Compressed class space size: 1073741824 Address: 0x0000000100000000

Heap:
 garbage-first heap   total 189440K, used 129318K [0x0000000080000000, 0x0000000100000000)
  region size 1024K, 10 young (10240K), 1 survivors (1024K)
 Metaspace       used 122411K, capacity 126267K, committed 126592K, reserved 1159168K
  class space    used 16028K, capacity 17409K, committed 17536K, reserved 1048576K
Heap Regions: E=young(eden), S=young(survivor), O=old, HS=humongous(starts), HC=humongous(continues), CS=collection set, F=free, A=archive, TAMS=top-at-mark-start (previous, next)
|   0|0x0000000080000000, 0x0000000080100000, 0x0000000080100000|100%| O|  |TAMS 0x0000000080100000, 0x0000000080000000| Untracked 
|   1|0x0000000080100000, 0x0000000080200000, 0x0000000080200000|100%| O|  |TAMS 0x0000000080200000, 0x0000000080100000| Untracked 
|   2|0x0000000080200000, 0x0000000080300000, 0x0000000080300000|100%| O|  |TAMS 0x0000000080300000, 0x0000000080200000| Untracked 
|   3|0x0000000080300000, 0x0000000080400000, 0x0000000080400000|100%|HS|  |TAMS 0x0000000080400000, 0x0000000080300000| Complete 
|   4|0x0000000080400000, 0x0000000080500000, 0x0000000080500000|100%|HC|  |TAMS 0x0000000080500000, 0x0000000080400000| Complete 
|   5|0x0000000080500000, 0x0000000080600000, 0x0000000080600000|100%|HC|  |TAMS 0x0000000080600000, 0x0000000080500000| Complete 
|   6|0x0000000080600000, 0x0000000080700000, 0x0000000080700000|100%| O|  |TAMS 0x0000000080700000, 0x0000000080600000| Untracked 
|   7|0x0000000080700000, 0x0000000080800000, 0x0000000080800000|100%| O|  |TAMS 0x0000000080800000, 0x0000000080700000| Untracked 
|   8|0x0000000080800000, 0x0000000080900000, 0x0000000080900000|100%| O|  |TAMS 0x0000000080900000, 0x0000000080800000| Untracked 
|   9|0x0000000080900000, 0x0000000080a00000, 0x0000000080a00000|100%| O|  |TAMS 0x0000000080a00000, 0x0000000080900000| Untracked 
|  10|0x0000000080a00000, 0x0000000080b00000, 0x0000000080b00000|100%| O|  |TAMS 0x0000000080b00000, 0x0000000080a00000| Untracked 
|  11|0x0000000080b00000, 0x0000000080c00000, 0x0000000080c00000|100%| O|  |TAMS 0x0000000080c00000, 0x0000000080b00000| Untracked 
|  12|0x0000000080c00000, 0x0000000080d00000, 0x0000000080d00000|100%| O|  |TAMS 0x0000000080d00000, 0x0000000080c00000| Untracked 
|  13|0x0000000080d00000, 0x0000000080e00000, 0x0000000080e00000|100%| O|  |TAMS 0x0000000080e00000, 0x0000000080d00000| Untracked 
|  14|0x0000000080e00000, 0x0000000080f00000, 0x0000000080f00000|100%| O|  |TAMS 0x0000000080f00000, 0x0000000080e00000| Untracked 
|  15|0x0000000080f00000, 0x0000000081000000, 0x0000000081000000|100%| O|  |TAMS 0x0000000081000000, 0x0000000080f00000| Untracked 
|  16|0x0000000081000000, 0x0000000081100000, 0x0000000081100000|100%| O|  |TAMS 0x0000000081100000, 0x0000000081000000| Untracked 
|  17|0x0000000081100000, 0x0000000081200000, 0x0000000081200000|100%|HS|  |TAMS 0x0000000081200000, 0x0000000081100000| Complete 
|  18|0x0000000081200000, 0x0000000081300000, 0x0000000081300000|100%| O|  |TAMS 0x0000000081300000, 0x0000000081200000| Untracked 
|  19|0x0000000081300000, 0x0000000081400000, 0x0000000081400000|100%| O|  |TAMS 0x0000000081400000, 0x0000000081300000| Untracked 
|  20|0x0000000081400000, 0x0000000081500000, 0x0000000081500000|100%| O|  |TAMS 0x0000000081500000, 0x0000000081400000| Untracked 
|  21|0x0000000081500000, 0x0000000081600000, 0x0000000081600000|100%| O|  |TAMS 0x0000000081600000, 0x0000000081500000| Untracked 
|  22|0x0000000081600000, 0x0000000081700000, 0x0000000081700000|100%| O|  |TAMS 0x0000000081700000, 0x0000000081600000| Untracked 
|  23|0x0000000081700000, 0x0000000081800000, 0x0000000081800000|100%|HS|  |TAMS 0x0000000081800000, 0x0000000081700000| Complete 
|  24|0x0000000081800000, 0x0000000081900000, 0x0000000081900000|100%|HS|  |TAMS 0x0000000081900000, 0x0000000081800000| Complete 
|  25|0x0000000081900000, 0x0000000081a00000, 0x0000000081a00000|100%|HS|  |TAMS 0x0000000081a00000, 0x0000000081900000| Complete 
|  26|0x0000000081a00000, 0x0000000081b00000, 0x0000000081b00000|100%|HC|  |TAMS 0x0000000081b00000, 0x0000000081a00000| Complete 
|  27|0x0000000081b00000, 0x0000000081c00000, 0x0000000081c00000|100%|HC|  |TAMS 0x0000000081c00000, 0x0000000081b00000| Complete 
|  28|0x0000000081c00000, 0x0000000081d00000, 0x0000000081d00000|100%|HS|  |TAMS 0x0000000081d00000, 0x0000000081c00000| Complete 
|  29|0x0000000081d00000, 0x0000000081e00000, 0x0000000081e00000|100%|HC|  |TAMS 0x0000000081e00000, 0x0000000081d00000| Complete 
|  30|0x0000000081e00000, 0x0000000081f00000, 0x0000000081f00000|100%| O|  |TAMS 0x0000000081f00000, 0x0000000081e00000| Untracked 
|  31|0x0000000081f00000, 0x0000000082000000, 0x0000000082000000|100%| O|  |TAMS 0x0000000082000000, 0x0000000081f00000| Untracked 
|  32|0x0000000082000000, 0x0000000082100000, 0x0000000082100000|100%| O|  |TAMS 0x0000000082100000, 0x0000000082000000| Untracked 
|  33|0x0000000082100000, 0x0000000082200000, 0x0000000082200000|100%| O|  |TAMS 0x0000000082200000, 0x0000000082100000| Untracked 
|  34|0x0000000082200000, 0x0000000082300000, 0x0000000082300000|100%| O|  |TAMS 0x0000000082300000, 0x0000000082200000| Untracked 
|  35|0x0000000082300000, 0x0000000082400000, 0x0000000082400000|100%| O|  |TAMS 0x0000000082400000, 0x0000000082300000| Untracked 
|  36|0x0000000082400000, 0x0000000082500000, 0x0000000082500000|100%| O|  |TAMS 0x0000000082500000, 0x0000000082400000| Untracked 
|  37|0x0000000082500000, 0x0000000082600000, 0x0000000082600000|100%| O|  |TAMS 0x0000000082600000, 0x0000000082500000| Untracked 
|  38|0x0000000082600000, 0x0000000082700000, 0x0000000082700000|100%| O|  |TAMS 0x0000000082700000, 0x0000000082600000| Untracked 
|  39|0x0000000082700000, 0x0000000082800000, 0x0000000082800000|100%| O|  |TAMS 0x0000000082800000, 0x0000000082700000| Untracked 
|  40|0x0000000082800000, 0x0000000082900000, 0x0000000082900000|100%| O|  |TAMS 0x0000000082900000, 0x0000000082800000| Untracked 
|  41|0x0000000082900000, 0x0000000082a00000, 0x0000000082a00000|100%| O|  |TAMS 0x0000000082a00000, 0x0000000082900000| Untracked 
|  42|0x0000000082a00000, 0x0000000082b00000, 0x0000000082b00000|100%| O|  |TAMS 0x0000000082b00000, 0x0000000082a00000| Untracked 
|  43|0x0000000082b00000, 0x0000000082c00000, 0x0000000082c00000|100%| O|  |TAMS 0x0000000082c00000, 0x0000000082b00000| Untracked 
|  44|0x0000000082c00000, 0x0000000082d00000, 0x0000000082d00000|100%| O|  |TAMS 0x0000000082d00000, 0x0000000082c00000| Untracked 
|  45|0x0000000082d00000, 0x0000000082e00000, 0x0000000082e00000|100%| O|  |TAMS 0x0000000082e00000, 0x0000000082d00000| Untracked 
|  46|0x0000000082e00000, 0x0000000082f00000, 0x0000000082f00000|100%| O|  |TAMS 0x0000000082f00000, 0x0000000082e00000| Untracked 
|  47|0x0000000082f00000, 0x0000000083000000, 0x0000000083000000|100%| O|  |TAMS 0x0000000083000000, 0x0000000082f00000| Untracked 
|  48|0x0000000083000000, 0x0000000083100000, 0x0000000083100000|100%| O|  |TAMS 0x0000000083100000, 0x0000000083000000| Untracked 
|  49|0x0000000083100000, 0x0000000083200000, 0x0000000083200000|100%| O|  |TAMS 0x0000000083200000, 0x0000000083100000| Untracked 
|  50|0x0000000083200000, 0x0000000083300000, 0x0000000083300000|100%| O|  |TAMS 0x0000000083300000, 0x0000000083200000| Untracked 
|  51|0x0000000083300000, 0x0000000083400000, 0x0000000083400000|100%| O|  |TAMS 0x0000000083400000, 0x0000000083300000| Untracked 
|  52|0x0000000083400000, 0x0000000083500000, 0x0000000083500000|100%| O|  |TAMS 0x0000000083500000, 0x0000000083400000| Untracked 
|  53|0x0000000083500000, 0x0000000083600000, 0x0000000083600000|100%| O|  |TAMS 0x0000000083600000, 0x0000000083500000| Untracked 
|  54|0x0000000083600000, 0x0000000083700000, 0x0000000083700000|100%| O|  |TAMS 0x0000000083700000, 0x0000000083600000| Untracked 
|  55|0x0000000083700000, 0x0000000083800000, 0x0000000083800000|100%| O|  |TAMS 0x0000000083800000, 0x0000000083700000| Untracked 
|  56|0x0000000083800000, 0x0000000083900000, 0x0000000083900000|100%| O|  |TAMS 0x0000000083900000, 0x0000000083800000| Untracked 
|  57|0x0000000083900000, 0x0000000083a00000, 0x0000000083a00000|100%| O|  |TAMS 0x0000000083a00000, 0x0000000083900000| Untracked 
|  58|0x0000000083a00000, 0x0000000083b00000, 0x0000000083b00000|100%| O|  |TAMS 0x0000000083b00000, 0x0000000083a00000| Untracked 
|  59|0x0000000083b00000, 0x0000000083c00000, 0x0000000083c00000|100%| O|  |TAMS 0x0000000083c00000, 0x0000000083b00000| Untracked 
|  60|0x0000000083c00000, 0x0000000083d00000, 0x0000000083d00000|100%| O|  |TAMS 0x0000000083d00000, 0x0000000083c00000| Untracked 
|  61|0x0000000083d00000, 0x0000000083e00000, 0x0000000083e00000|100%| O|  |TAMS 0x0000000083e00000, 0x0000000083d00000| Untracked 
|  62|0x0000000083e00000, 0x0000000083f00000, 0x0000000083f00000|100%| O|  |TAMS 0x0000000083f00000, 0x0000000083e00000| Untracked 
|  63|0x0000000083f00000, 0x0000000084000000, 0x0000000084000000|100%| O|  |TAMS 0x0000000084000000, 0x0000000083f00000| Untracked 
|  64|0x0000000084000000, 0x0000000084100000, 0x0000000084100000|100%| O|  |TAMS 0x0000000084100000, 0x0000000084000000| Untracked 
|  65|0x0000000084100000, 0x0000000084200000, 0x0000000084200000|100%| O|  |TAMS 0x0000000084200000, 0x0000000084100000| Untracked 
|  66|0x0000000084200000, 0x0000000084300000, 0x0000000084300000|100%| O|  |TAMS 0x0000000084300000, 0x0000000084200000| Untracked 
|  67|0x0000000084300000, 0x0000000084400000, 0x0000000084400000|100%| O|  |TAMS 0x0000000084400000, 0x0000000084300000| Untracked 
|  68|0x0000000084400000, 0x0000000084500000, 0x0000000084500000|100%| O|  |TAMS 0x0000000084500000, 0x0000000084400000| Untracked 
|  69|0x0000000084500000, 0x0000000084600000, 0x0000000084600000|100%| O|  |TAMS 0x0000000084600000, 0x0000000084500000| Untracked 
|  70|0x0000000084600000, 0x0000000084700000, 0x0000000084700000|100%| O|  |TAMS 0x0000000084700000, 0x0000000084600000| Untracked 
|  71|0x0000000084700000, 0x0000000084800000, 0x0000000084800000|100%|HS|  |TAMS 0x0000000084800000, 0x0000000084700000| Complete 
|  72|0x0000000084800000, 0x0000000084900000, 0x0000000084900000|100%|HC|  |TAMS 0x0000000084900000, 0x0000000084800000| Complete 
|  73|0x0000000084900000, 0x0000000084a00000, 0x0000000084a00000|100%| O|  |TAMS 0x0000000084a00000, 0x0000000084900000| Untracked 
|  74|0x0000000084a00000, 0x0000000084b00000, 0x0000000084b00000|100%| O|  |TAMS 0x0000000084b00000, 0x0000000084a00000| Untracked 
|  75|0x0000000084b00000, 0x0000000084c00000, 0x0000000084c00000|100%| O|  |TAMS 0x0000000084c00000, 0x0000000084b00000| Untracked 
|  76|0x0000000084c00000, 0x0000000084d00000, 0x0000000084d00000|100%| O|  |TAMS 0x0000000084d00000, 0x0000000084c00000| Untracked 
|  77|0x0000000084d00000, 0x0000000084e00000, 0x0000000084e00000|100%| O|  |TAMS 0x0000000084e00000, 0x0000000084d00000| Untracked 
|  78|0x0000000084e00000, 0x0000000084f00000, 0x0000000084f00000|100%| O|  |TAMS 0x0000000084f00000, 0x0000000084e00000| Untracked 
|  79|0x0000000084f00000, 0x0000000085000000, 0x0000000085000000|100%| O|  |TAMS 0x0000000085000000, 0x0000000084f00000| Untracked 
|  80|0x0000000085000000, 0x0000000085100000, 0x0000000085100000|100%| O|  |TAMS 0x0000000085100000, 0x0000000085000000| Untracked 
|  81|0x0000000085100000, 0x0000000085200000, 0x0000000085200000|100%| O|  |TAMS 0x0000000085200000, 0x0000000085100000| Untracked 
|  82|0x0000000085200000, 0x0000000085300000, 0x0000000085300000|100%| O|  |TAMS 0x0000000085300000, 0x0000000085200000| Untracked 
|  83|0x0000000085300000, 0x0000000085400000, 0x0000000085400000|100%| O|  |TAMS 0x0000000085400000, 0x0000000085300000| Untracked 
|  84|0x0000000085400000, 0x0000000085475a00, 0x0000000085500000| 45%| O|  |TAMS 0x0000000085475a00, 0x0000000085400000| Untracked 
|  85|0x0000000085500000, 0x0000000085600000, 0x0000000085600000|100%| O|  |TAMS 0x0000000085600000, 0x0000000085500000| Untracked 
|  86|0x0000000085600000, 0x0000000085700000, 0x0000000085700000|100%| O|  |TAMS 0x0000000085700000, 0x0000000085600000| Untracked 
|  87|0x0000000085700000, 0x0000000085800000, 0x0000000085800000|100%| O|  |TAMS 0x0000000085800000, 0x0000000085700000| Untracked 
|  88|0x0000000085800000, 0x0000000085800000, 0x0000000085900000|  0%| F|  |TAMS 0x0000000085800000, 0x0000000085800000| Untracked 
|  89|0x0000000085900000, 0x0000000085900000, 0x0000000085a00000|  0%| F|  |TAMS 0x0000000085900000, 0x0000000085900000| Untracked 
|  90|0x0000000085a00000, 0x0000000085a00000, 0x0000000085b00000|  0%| F|  |TAMS 0x0000000085a00000, 0x0000000085a00000| Untracked 
|  91|0x0000000085b00000, 0x0000000085c00000, 0x0000000085c00000|100%|HS|  |TAMS 0x0000000085c00000, 0x0000000085b00000| Complete 
|  92|0x0000000085c00000, 0x0000000085d00000, 0x0000000085d00000|100%|HC|  |TAMS 0x0000000085d00000, 0x0000000085c00000| Complete 
|  93|0x0000000085d00000, 0x0000000085e00000, 0x0000000085e00000|100%|HC|  |TAMS 0x0000000085e00000, 0x0000000085d00000| Complete 
|  94|0x0000000085e00000, 0x0000000085f00000, 0x0000000085f00000|100%| O|  |TAMS 0x0000000085f00000, 0x0000000085e00000| Untracked 
|  95|0x0000000085f00000, 0x0000000086000000, 0x0000000086000000|100%| O|  |TAMS 0x0000000086000000, 0x0000000085f00000| Untracked 
|  96|0x0000000086000000, 0x0000000086100000, 0x0000000086100000|100%| O|  |TAMS 0x0000000086100000, 0x0000000086000000| Untracked 
|  97|0x0000000086100000, 0x0000000086200000, 0x0000000086200000|100%| O|  |TAMS 0x0000000086200000, 0x0000000086100000| Untracked 
|  98|0x0000000086200000, 0x0000000086300000, 0x0000000086300000|100%| O|  |TAMS 0x0000000086300000, 0x0000000086200000| Untracked 
|  99|0x0000000086300000, 0x0000000086400000, 0x0000000086400000|100%| O|  |TAMS 0x0000000086400000, 0x0000000086300000| Untracked 
| 100|0x0000000086400000, 0x0000000086500000, 0x0000000086500000|100%| O|  |TAMS 0x0000000086500000, 0x0000000086400000| Untracked 
| 101|0x0000000086500000, 0x0000000086600000, 0x0000000086600000|100%|HS|  |TAMS 0x0000000086600000, 0x0000000086500000| Complete 
| 102|0x0000000086600000, 0x0000000086700000, 0x0000000086700000|100%|HC|  |TAMS 0x0000000086700000, 0x0000000086600000| Complete 
| 103|0x0000000086700000, 0x0000000086800000, 0x0000000086800000|100%|HC|  |TAMS 0x0000000086800000, 0x0000000086700000| Complete 
| 104|0x0000000086800000, 0x0000000086900000, 0x0000000086900000|100%|HC|  |TAMS 0x0000000086900000, 0x0000000086800000| Complete 
| 105|0x0000000086900000, 0x0000000086a00000, 0x0000000086a00000|100%|HC|  |TAMS 0x0000000086a00000, 0x0000000086900000| Complete 
| 106|0x0000000086a00000, 0x0000000086b00000, 0x0000000086b00000|100%| O|  |TAMS 0x0000000086b00000, 0x0000000086a00000| Untracked 
| 107|0x0000000086b00000, 0x0000000086c00000, 0x0000000086c00000|100%| O|  |TAMS 0x0000000086c00000, 0x0000000086b00000| Untracked 
| 108|0x0000000086c00000, 0x0000000086d00000, 0x0000000086d00000|100%| O|  |TAMS 0x0000000086d00000, 0x0000000086c00000| Untracked 
| 109|0x0000000086d00000, 0x0000000086e00000, 0x0000000086e00000|100%| O|  |TAMS 0x0000000086e00000, 0x0000000086d00000| Untracked 
| 110|0x0000000086e00000, 0x0000000086e00000, 0x0000000086f00000|  0%| F|  |TAMS 0x0000000086e00000, 0x0000000086e00000| Untracked 
| 111|0x0000000086f00000, 0x0000000086f00000, 0x0000000087000000|  0%| F|  |TAMS 0x0000000086f00000, 0x0000000086f00000| Untracked 
| 112|0x0000000087000000, 0x0000000087100000, 0x0000000087100000|100%| O|  |TAMS 0x0000000087100000, 0x0000000087000000| Untracked 
| 113|0x0000000087100000, 0x0000000087200000, 0x0000000087200000|100%| O|  |TAMS 0x0000000087200000, 0x0000000087100000| Untracked 
| 114|0x0000000087200000, 0x0000000087300000, 0x0000000087300000|100%|HS|  |TAMS 0x0000000087300000, 0x0000000087200000| Complete 
| 115|0x0000000087300000, 0x0000000087400000, 0x0000000087400000|100%|HC|  |TAMS 0x0000000087400000, 0x0000000087300000| Complete 
| 116|0x0000000087400000, 0x0000000087500000, 0x0000000087500000|100%|HC|  |TAMS 0x0000000087500000, 0x0000000087400000| Complete 
| 117|0x0000000087500000, 0x0000000087600000, 0x0000000087600000|100%|HC|  |TAMS 0x0000000087600000, 0x0000000087500000| Complete 
| 118|0x0000000087600000, 0x0000000087700000, 0x0000000087700000|100%|HC|  |TAMS 0x0000000087700000, 0x0000000087600000| Complete 
| 119|0x0000000087700000, 0x0000000087800000, 0x0000000087800000|100%|HS|  |TAMS 0x0000000087800000, 0x0000000087700000| Complete 
| 120|0x0000000087800000, 0x0000000087900000, 0x0000000087900000|100%|HC|  |TAMS 0x0000000087900000, 0x0000000087800000| Complete 
| 121|0x0000000087900000, 0x0000000087a00000, 0x0000000087a00000|100%|HC|  |TAMS 0x0000000087a00000, 0x0000000087900000| Complete 
| 122|0x0000000087a00000, 0x0000000087b00000, 0x0000000087b00000|100%| O|  |TAMS 0x0000000087b00000, 0x0000000087a00000| Untracked 
| 123|0x0000000087b00000, 0x0000000087b00000, 0x0000000087c00000|  0%| F|  |TAMS 0x0000000087b00000, 0x0000000087b00000| Untracked 
| 124|0x0000000087c00000, 0x0000000087c00000, 0x0000000087d00000|  0%| F|  |TAMS 0x0000000087c00000, 0x0000000087c00000| Untracked 
| 125|0x0000000087d00000, 0x0000000087d00000, 0x0000000087e00000|  0%| F|  |TAMS 0x0000000087d00000, 0x0000000087d00000| Untracked 
| 126|0x0000000087e00000, 0x0000000087e00000, 0x0000000087f00000|  0%| F|  |TAMS 0x0000000087e00000, 0x0000000087e00000| Untracked 
| 127|0x0000000087f00000, 0x0000000087f00000, 0x0000000088000000|  0%| F|  |TAMS 0x0000000087f00000, 0x0000000087f00000| Untracked 
| 128|0x0000000088000000, 0x0000000088000000, 0x0000000088100000|  0%| F|  |TAMS 0x0000000088000000, 0x0000000088000000| Untracked 
| 129|0x0000000088100000, 0x0000000088100000, 0x0000000088200000|  0%| F|  |TAMS 0x0000000088100000, 0x0000000088100000| Untracked 
| 130|0x0000000088200000, 0x0000000088200000, 0x0000000088300000|  0%| F|  |TAMS 0x0000000088200000, 0x0000000088200000| Untracked 
| 131|0x0000000088300000, 0x0000000088300000, 0x0000000088400000|  0%| F|  |TAMS 0x0000000088300000, 0x0000000088300000| Untracked 
| 132|0x0000000088400000, 0x0000000088400000, 0x0000000088500000|  0%| F|  |TAMS 0x0000000088400000, 0x0000000088400000| Untracked 
| 133|0x0000000088500000, 0x0000000088500000, 0x0000000088600000|  0%| F|  |TAMS 0x0000000088500000, 0x0000000088500000| Untracked 
| 134|0x0000000088600000, 0x0000000088600000, 0x0000000088700000|  0%| F|  |TAMS 0x0000000088600000, 0x0000000088600000| Untracked 
| 135|0x0000000088700000, 0x0000000088700000, 0x0000000088800000|  0%| F|  |TAMS 0x0000000088700000, 0x0000000088700000| Untracked 
| 136|0x0000000088800000, 0x0000000088800000, 0x0000000088900000|  0%| F|  |TAMS 0x0000000088800000, 0x0000000088800000| Untracked 
| 137|0x0000000088900000, 0x0000000088900000, 0x0000000088a00000|  0%| F|  |TAMS 0x0000000088900000, 0x0000000088900000| Untracked 
| 138|0x0000000088a00000, 0x0000000088ad3f10, 0x0000000088b00000| 82%| S|CS|TAMS 0x0000000088a00000, 0x0000000088a00000| Complete 
| 139|0x0000000088b00000, 0x0000000088b00000, 0x0000000088c00000|  0%| F|  |TAMS 0x0000000088b00000, 0x0000000088b00000| Untracked 
| 140|0x0000000088c00000, 0x0000000088c00000, 0x0000000088d00000|  0%| F|  |TAMS 0x0000000088c00000, 0x0000000088c00000| Untracked 
| 141|0x0000000088d00000, 0x0000000088d00000, 0x0000000088e00000|  0%| F|  |TAMS 0x0000000088d00000, 0x0000000088d00000| Untracked 
| 142|0x0000000088e00000, 0x0000000088e00000, 0x0000000088f00000|  0%| F|  |TAMS 0x0000000088e00000, 0x0000000088e00000| Untracked 
| 143|0x0000000088f00000, 0x0000000088f00000, 0x0000000089000000|  0%| F|  |TAMS 0x0000000088f00000, 0x0000000088f00000| Untracked 
| 144|0x0000000089000000, 0x0000000089000000, 0x0000000089100000|  0%| F|  |TAMS 0x0000000089000000, 0x0000000089000000| Untracked 
| 145|0x0000000089100000, 0x0000000089100000, 0x0000000089200000|  0%| F|  |TAMS 0x0000000089100000, 0x0000000089100000| Untracked 
| 146|0x0000000089200000, 0x0000000089200000, 0x0000000089300000|  0%| F|  |TAMS 0x0000000089200000, 0x0000000089200000| Untracked 
| 147|0x0000000089300000, 0x0000000089300000, 0x0000000089400000|  0%| F|  |TAMS 0x0000000089300000, 0x0000000089300000| Untracked 
| 148|0x0000000089400000, 0x0000000089400000, 0x0000000089500000|  0%| F|  |TAMS 0x0000000089400000, 0x0000000089400000| Untracked 
| 149|0x0000000089500000, 0x0000000089500000, 0x0000000089600000|  0%| F|  |TAMS 0x0000000089500000, 0x0000000089500000| Untracked 
| 150|0x0000000089600000, 0x0000000089600000, 0x0000000089700000|  0%| F|  |TAMS 0x0000000089600000, 0x0000000089600000| Untracked 
| 151|0x0000000089700000, 0x0000000089700000, 0x0000000089800000|  0%| F|  |TAMS 0x0000000089700000, 0x0000000089700000| Untracked 
| 152|0x0000000089800000, 0x0000000089800000, 0x0000000089900000|  0%| F|  |TAMS 0x0000000089800000, 0x0000000089800000| Untracked 
| 153|0x0000000089900000, 0x0000000089900000, 0x0000000089a00000|  0%| F|  |TAMS 0x0000000089900000, 0x0000000089900000| Untracked 
| 154|0x0000000089a00000, 0x0000000089a00000, 0x0000000089b00000|  0%| F|  |TAMS 0x0000000089a00000, 0x0000000089a00000| Untracked 
| 155|0x0000000089b00000, 0x0000000089b00000, 0x0000000089c00000|  0%| F|  |TAMS 0x0000000089b00000, 0x0000000089b00000| Untracked 
| 156|0x0000000089c00000, 0x0000000089c00000, 0x0000000089d00000|  0%| F|  |TAMS 0x0000000089c00000, 0x0000000089c00000| Untracked 
| 157|0x0000000089d00000, 0x0000000089d00000, 0x0000000089e00000|  0%| F|  |TAMS 0x0000000089d00000, 0x0000000089d00000| Untracked 
| 158|0x0000000089e00000, 0x0000000089e00000, 0x0000000089f00000|  0%| F|  |TAMS 0x0000000089e00000, 0x0000000089e00000| Untracked 
| 159|0x0000000089f00000, 0x0000000089f00000, 0x000000008a000000|  0%| F|  |TAMS 0x0000000089f00000, 0x0000000089f00000| Untracked 
| 160|0x000000008a000000, 0x000000008a000000, 0x000000008a100000|  0%| F|  |TAMS 0x000000008a000000, 0x000000008a000000| Untracked 
| 161|0x000000008a100000, 0x000000008a100000, 0x000000008a200000|  0%| F|  |TAMS 0x000000008a100000, 0x000000008a100000| Untracked 
| 162|0x000000008a200000, 0x000000008a200000, 0x000000008a300000|  0%| F|  |TAMS 0x000000008a200000, 0x000000008a200000| Untracked 
| 163|0x000000008a300000, 0x000000008a300000, 0x000000008a400000|  0%| F|  |TAMS 0x000000008a300000, 0x000000008a300000| Untracked 
| 164|0x000000008a400000, 0x000000008a400000, 0x000000008a500000|  0%| F|  |TAMS 0x000000008a400000, 0x000000008a400000| Untracked 
| 165|0x000000008a500000, 0x000000008a500000, 0x000000008a600000|  0%| F|  |TAMS 0x000000008a500000, 0x000000008a500000| Untracked 
| 166|0x000000008a600000, 0x000000008a600000, 0x000000008a700000|  0%| F|  |TAMS 0x000000008a600000, 0x000000008a600000| Untracked 
| 167|0x000000008a700000, 0x000000008a700000, 0x000000008a800000|  0%| F|  |TAMS 0x000000008a700000, 0x000000008a700000| Untracked 
| 168|0x000000008a800000, 0x000000008a800000, 0x000000008a900000|  0%| F|  |TAMS 0x000000008a800000, 0x000000008a800000| Untracked 
| 169|0x000000008a900000, 0x000000008a900000, 0x000000008aa00000|  0%| F|  |TAMS 0x000000008a900000, 0x000000008a900000| Untracked 
| 170|0x000000008aa00000, 0x000000008aa00000, 0x000000008ab00000|  0%| F|  |TAMS 0x000000008aa00000, 0x000000008aa00000| Untracked 
| 171|0x000000008ab00000, 0x000000008ab00000, 0x000000008ac00000|  0%| F|  |TAMS 0x000000008ab00000, 0x000000008ab00000| Untracked 
| 172|0x000000008ac00000, 0x000000008ac00000, 0x000000008ad00000|  0%| F|  |TAMS 0x000000008ac00000, 0x000000008ac00000| Untracked 
| 173|0x000000008ad00000, 0x000000008ad00000, 0x000000008ae00000|  0%| F|  |TAMS 0x000000008ad00000, 0x000000008ad00000| Untracked 
| 174|0x000000008ae00000, 0x000000008ae00000, 0x000000008af00000|  0%| F|  |TAMS 0x000000008ae00000, 0x000000008ae00000| Untracked 
| 175|0x000000008af00000, 0x000000008af00000, 0x000000008b000000|  0%| F|  |TAMS 0x000000008af00000, 0x000000008af00000| Untracked 
| 176|0x000000008b000000, 0x000000008b09b5d8, 0x000000008b100000| 60%| E|  |TAMS 0x000000008b000000, 0x000000008b000000| Complete 
| 177|0x000000008b100000, 0x000000008b200000, 0x000000008b200000|100%| E|CS|TAMS 0x000000008b100000, 0x000000008b100000| Complete 
| 178|0x000000008b200000, 0x000000008b300000, 0x000000008b300000|100%| E|CS|TAMS 0x000000008b200000, 0x000000008b200000| Complete 
| 179|0x000000008b300000, 0x000000008b400000, 0x000000008b400000|100%| E|CS|TAMS 0x000000008b300000, 0x000000008b300000| Complete 
| 180|0x000000008b400000, 0x000000008b500000, 0x000000008b500000|100%| E|CS|TAMS 0x000000008b400000, 0x000000008b400000| Complete 
| 181|0x000000008b500000, 0x000000008b600000, 0x000000008b600000|100%| E|CS|TAMS 0x000000008b500000, 0x000000008b500000| Complete 
| 182|0x000000008b600000, 0x000000008b700000, 0x000000008b700000|100%| E|CS|TAMS 0x000000008b600000, 0x000000008b600000| Complete 
| 183|0x000000008b700000, 0x000000008b800000, 0x000000008b800000|100%| E|CS|TAMS 0x000000008b700000, 0x000000008b700000| Complete 
| 184|0x000000008b800000, 0x000000008b900000, 0x000000008b900000|100%| E|CS|TAMS 0x000000008b800000, 0x000000008b800000| Complete 

Card table byte_map: [0x000002bdf7f60000,0x000002bdf8360000] _byte_map_base: 0x000002bdf7b60000

Marking Bits (Prev, Next): (CMBitMap*) 0x000002bdf362d960, (CMBitMap*) 0x000002bdf362d928
 Prev Bits: [0x000002bdfa760000, 0x000002bdfc760000)
 Next Bits: [0x000002bdf8760000, 0x000002bdfa760000)

Polling page: 0x000002bdf1d10000

Metaspace:

Usage:
  Non-class:    106.31 MB capacity,   103.89 MB ( 98%) used,     2.01 MB (  2%) free+waste,   415.13 KB ( <1%) overhead. 
      Class:     17.00 MB capacity,    15.65 MB ( 92%) used,     1.16 MB (  7%) free+waste,   190.75 KB (  1%) overhead. 
       Both:    123.31 MB capacity,   119.54 MB ( 97%) used,     3.17 MB (  3%) free+waste,   605.88 KB ( <1%) overhead. 

Virtual space:
  Non-class space:      108.00 MB reserved,     106.50 MB ( 99%) committed 
      Class space:        1.00 GB reserved,      17.13 MB (  2%) committed 
             Both:        1.11 GB reserved,     123.63 MB ( 11%) committed 

Chunk freelists:
   Non-Class:  70.00 KB
       Class:  63.00 KB
        Both:  133.00 KB

MaxMetaspaceSize: 17179869184.00 GB
CompressedClassSpaceSize: 1.00 GB

CodeHeap 'non-profiled nmethods': size=120000Kb used=12221Kb max_used=12221Kb free=107778Kb
 bounds [0x000002bd87ad0000, 0x000002bd886d0000, 0x000002bd8f000000]
CodeHeap 'profiled nmethods': size=120000Kb used=37313Kb max_used=37313Kb free=82686Kb
 bounds [0x000002bd805a0000, 0x000002bd82a20000, 0x000002bd87ad0000]
CodeHeap 'non-nmethods': size=5760Kb used=2381Kb max_used=2424Kb free=3378Kb
 bounds [0x000002bd80000000, 0x000002bd80270000, 0x000002bd805a0000]
 total_blobs=18067 nmethods=17055 adapters=922
 compilation: enabled
              stopped_count=0, restarted_count=0
 full_count=0

Compilation events (20 events):
Event: 962.167 Thread 0x000002bdffada800 17982       3       org.codehaus.groovy.runtime.MetaClassHelper::unwrap (36 bytes)
Event: 962.167 Thread 0x000002bdffada800 nmethod 17982 0x000002bd829f8110 code [0x000002bd829f8300, 0x000002bd829f8908]
Event: 962.167 Thread 0x000002bdffada800 17981       3       org.codehaus.groovy.vmplugin.v9.Java9::getOrTransformMetaMethod (33 bytes)
Event: 962.167 Thread 0x000002bdffada800 nmethod 17981 0x000002bd829f8a90 code [0x000002bd829f8c60, 0x000002bd829f8e88]
Event: 962.167 Thread 0x000002bdffada800 17983       3       org.codehaus.groovy.reflection.stdclasses.StringCachedClass::coerceArgument (16 bytes)
Event: 962.168 Thread 0x000002bdffada800 nmethod 17983 0x000002bd829f8f90 code [0x000002bd829f9160, 0x000002bd829f9468]
Event: 962.170 Thread 0x000002bdffada800 17984       3       org.gradle.tooling.internal.adapter.TypeInspector::visit (298 bytes)
Event: 962.171 Thread 0x000002bdffada800 nmethod 17984 0x000002bd829f9510 code [0x000002bd829f9860, 0x000002bd829fb018]
Event: 962.172 Thread 0x000002bdffada800 17985       1       org.gradle.tooling.internal.adapter.MethodInvocation::getResult (5 bytes)
Event: 962.172 Thread 0x000002bdffada800 nmethod 17985 0x000002bd886bf610 code [0x000002bd886bf7c0, 0x000002bd886bf878]
Event: 962.172 Thread 0x000002bdffada800 17986   !   3       groovy.lang.MetaClassImpl::invokeMethod (869 bytes)
Event: 962.178 Thread 0x000002bdffada800 nmethod 17986 0x000002bd829fb590 code [0x000002bd829fbca0, 0x000002bd82a00c68]
Event: 962.178 Thread 0x000002bdffada800 17987       3       groovy.lang.MetaClassImpl::getMetaMethod (74 bytes)
Event: 962.179 Thread 0x000002bdffada800 nmethod 17987 0x000002bd82a02190 code [0x000002bd82a023a0, 0x000002bd82a02928]
Event: 962.179 Thread 0x000002bdffada800 17988       3       org.codehaus.groovy.runtime.metaclass.MetaClassRegistryImpl::getMetaClass (12 bytes)
Event: 962.180 Thread 0x000002bdffada800 nmethod 17988 0x000002bd82a02a90 code [0x000002bd82a02d80, 0x000002bd82a03f38]
Event: 962.180 Thread 0x000002bdffada800 17989       1       java.lang.ClassLoader::findResource (2 bytes)
Event: 962.180 Thread 0x000002bdffada800 nmethod 17989 0x000002bd886bf910 code [0x000002bd886bfac0, 0x000002bd886bfb78]
Event: 962.183 Thread 0x000002bdffada800 17990       3       org.codehaus.groovy.reflection.ParameterTypes::getParameterTypes (16 bytes)
Event: 962.183 Thread 0x000002bdffada800 nmethod 17990 0x000002bd82a04590 code [0x000002bd82a04740, 0x000002bd82a048c8]

GC Heap History (20 events):
Event: 958.715 GC heap before
{Heap before GC invocations=72 (full 0):
 garbage-first heap   total 157696K, used 133444K [0x0000000080000000, 0x0000000100000000)
  region size 1024K, 14 young (14336K), 1 survivors (1024K)
 Metaspace       used 114355K, capacity 118030K, committed 118144K, reserved 1150976K
  class space    used 14912K, capacity 16223K, committed 16256K, reserved 1048576K
}
Event: 958.720 GC heap after
{Heap after GC invocations=73 (full 0):
 garbage-first heap   total 157696K, used 121184K [0x0000000080000000, 0x0000000100000000)
  region size 1024K, 2 young (2048K), 2 survivors (2048K)
 Metaspace       used 114355K, capacity 118030K, committed 118144K, reserved 1150976K
  class space    used 14912K, capacity 16223K, committed 16256K, reserved 1048576K
}
Event: 959.218 GC heap before
{Heap before GC invocations=74 (full 0):
 garbage-first heap   total 157696K, used 132448K [0x0000000080000000, 0x0000000100000000)
  region size 1024K, 14 young (14336K), 2 survivors (2048K)
 Metaspace       used 114360K, capacity 118030K, committed 118144K, reserved 1150976K
  class space    used 14912K, capacity 16223K, committed 16256K, reserved 1048576K
}
Event: 959.222 GC heap after
{Heap after GC invocations=75 (full 0):
 garbage-first heap   total 157696K, used 121825K [0x0000000080000000, 0x0000000100000000)
  region size 1024K, 1 young (1024K), 1 survivors (1024K)
 Metaspace       used 114360K, capacity 118030K, committed 118144K, reserved 1150976K
  class space    used 14912K, capacity 16223K, committed 16256K, reserved 1048576K
}
Event: 959.427 GC heap before
{Heap before GC invocations=75 (full 0):
 garbage-first heap   total 157696K, used 126945K [0x0000000080000000, 0x0000000100000000)
  region size 1024K, 7 young (7168K), 1 survivors (1024K)
 Metaspace       used 115028K, capacity 118734K, committed 119040K, reserved 1153024K
  class space    used 14981K, capacity 16310K, committed 16384K, reserved 1048576K
}
Event: 959.435 GC heap after
{Heap after GC invocations=76 (full 0):
 garbage-first heap   total 157696K, used 116328K [0x0000000080000000, 0x0000000100000000)
  region size 1024K, 1 young (1024K), 1 survivors (1024K)
 Metaspace       used 115028K, capacity 118734K, committed 119040K, reserved 1153024K
  class space    used 14981K, capacity 16310K, committed 16384K, reserved 1048576K
}
Event: 959.738 GC heap before
{Heap before GC invocations=76 (full 0):
 garbage-first heap   total 157696K, used 130664K [0x0000000080000000, 0x0000000100000000)
  region size 1024K, 16 young (16384K), 1 survivors (1024K)
 Metaspace       used 117054K, capacity 120750K, committed 120960K, reserved 1153024K
  class space    used 15366K, capacity 16726K, committed 16768K, reserved 1048576K
}
Event: 959.747 GC heap after
{Heap after GC invocations=77 (full 0):
 garbage-first heap   total 157696K, used 117319K [0x0000000080000000, 0x0000000100000000)
  region size 1024K, 2 young (2048K), 2 survivors (2048K)
 Metaspace       used 117054K, capacity 120750K, committed 120960K, reserved 1153024K
  class space    used 15366K, capacity 16726K, committed 16768K, reserved 1048576K
}
Event: 960.023 GC heap before
{Heap before GC invocations=78 (full 0):
 garbage-first heap   total 157696K, used 132679K [0x0000000080000000, 0x0000000100000000)
  region size 1024K, 17 young (17408K), 2 survivors (2048K)
 Metaspace       used 117169K, capacity 120887K, committed 120960K, reserved 1153024K
  class space    used 15370K, capacity 16729K, committed 16768K, reserved 1048576K
}
Event: 960.028 GC heap after
{Heap after GC invocations=79 (full 0):
 garbage-first heap   total 157696K, used 117920K [0x0000000080000000, 0x0000000100000000)
  region size 1024K, 2 young (2048K), 2 survivors (2048K)
 Metaspace       used 117169K, capacity 120887K, committed 120960K, reserved 1153024K
  class space    used 15370K, capacity 16729K, committed 16768K, reserved 1048576K
}
Event: 960.445 GC heap before
{Heap before GC invocations=79 (full 0):
 garbage-first heap   total 157696K, used 122016K [0x0000000080000000, 0x0000000100000000)
  region size 1024K, 7 young (7168K), 2 survivors (2048K)
 Metaspace       used 117790K, capacity 121491K, committed 121600K, reserved 1155072K
  class space    used 15445K, capacity 16823K, committed 16896K, reserved 1048576K
}
Event: 960.457 GC heap after
{Heap after GC invocations=80 (full 0):
 garbage-first heap   total 157696K, used 117711K [0x0000000080000000, 0x0000000100000000)
  region size 1024K, 1 young (1024K), 1 survivors (1024K)
 Metaspace       used 117790K, capacity 121491K, committed 121600K, reserved 1155072K
  class space    used 15445K, capacity 16823K, committed 16896K, reserved 1048576K
}
Event: 961.123 GC heap before
{Heap before GC invocations=80 (full 0):
 garbage-first heap   total 157696K, used 133071K [0x0000000080000000, 0x0000000100000000)
  region size 1024K, 16 young (16384K), 1 survivors (1024K)
 Metaspace       used 119477K, capacity 123333K, committed 123648K, reserved 1155072K
  class space    used 15626K, capacity 17027K, committed 17152K, reserved 1048576K
}
Event: 961.130 GC heap after
{Heap after GC invocations=81 (full 0):
 garbage-first heap   total 157696K, used 119178K [0x0000000080000000, 0x0000000100000000)
  region size 1024K, 2 young (2048K), 2 survivors (2048K)
 Metaspace       used 119477K, capacity 123333K, committed 123648K, reserved 1155072K
  class space    used 15626K, capacity 17027K, committed 17152K, reserved 1048576K
}
Event: 961.526 GC heap before
{Heap before GC invocations=82 (full 0):
 garbage-first heap   total 157696K, used 134538K [0x0000000080000000, 0x0000000100000000)
  region size 1024K, 17 young (17408K), 2 survivors (2048K)
 Metaspace       used 120058K, capacity 123909K, committed 124160K, reserved 1157120K
  class space    used 15719K, capacity 17135K, committed 17152K, reserved 1048576K
}
Event: 961.534 GC heap after
{Heap after GC invocations=83 (full 0):
 garbage-first heap   total 157696K, used 120557K [0x0000000080000000, 0x0000000100000000)
  region size 1024K, 2 young (2048K), 2 survivors (2048K)
 Metaspace       used 120058K, capacity 123909K, committed 124160K, reserved 1157120K
  class space    used 15719K, capacity 17135K, committed 17152K, reserved 1048576K
}
Event: 961.591 GC heap before
{Heap before GC invocations=83 (full 0):
 garbage-first heap   total 157696K, used 125677K [0x0000000080000000, 0x0000000100000000)
  region size 1024K, 7 young (7168K), 2 survivors (2048K)
 Metaspace       used 120340K, capacity 124200K, committed 124544K, reserved 1157120K
  class space    used 15760K, capacity 17168K, committed 17280K, reserved 1048576K
}
Event: 961.597 GC heap after
{Heap after GC invocations=84 (full 0):
 garbage-first heap   total 157696K, used 120558K [0x0000000080000000, 0x0000000100000000)
  region size 1024K, 1 young (1024K), 1 survivors (1024K)
 Metaspace       used 120340K, capacity 124200K, committed 124544K, reserved 1157120K
  class space    used 15760K, capacity 17168K, committed 17280K, reserved 1048576K
}
Event: 962.149 GC heap before
{Heap before GC invocations=84 (full 0):
 garbage-first heap   total 157696K, used 134894K [0x0000000080000000, 0x0000000100000000)
  region size 1024K, 15 young (15360K), 1 survivors (1024K)
 Metaspace       used 122202K, capacity 126084K, committed 126336K, reserved 1159168K
  class space    used 16016K, capacity 17414K, committed 17536K, reserved 1048576K
}
Event: 962.155 GC heap after
{Heap after GC invocations=85 (full 0):
 garbage-first heap   total 189440K, used 121126K [0x0000000080000000, 0x0000000100000000)
  region size 1024K, 1 young (1024K), 1 survivors (1024K)
 Metaspace       used 122202K, capacity 126084K, committed 126336K, reserved 1159168K
  class space    used 16016K, capacity 17414K, committed 17536K, reserved 1048576K
}

Deoptimization events (20 events):
Event: 961.684 Thread 0x000002bd920bd800 Uncommon trap: trap_request=0xffffff4d fr.pc=0x000002bd880a358c relative=0x000000000000072c
Event: 961.684 Thread 0x000002bd920bd800 Uncommon trap: reason=unstable_if action=reinterpret pc=0x000002bd880a358c method=java.lang.Integer.stringSize(I)I @ 3 c2
Event: 961.684 Thread 0x000002bd920bd800 DEOPT PACKING pc=0x000002bd880a358c sp=0x000000c9810fb360
Event: 961.684 Thread 0x000002bd920bd800 DEOPT UNPACKING pc=0x000002bd800278af sp=0x000000c9810fb2c0 mode 2
Event: 961.912 Thread 0x000002bd920bd800 Uncommon trap: trap_request=0xffffffd6 fr.pc=0x000002bd885358f4 relative=0x0000000000000694
Event: 961.912 Thread 0x000002bd920bd800 Uncommon trap: reason=array_check action=maybe_recompile pc=0x000002bd885358f4 method=java.util.ComparableTimSort.binarySort([Ljava/lang/Object;III)V @ 215 c2
Event: 961.912 Thread 0x000002bd920bd800 DEOPT PACKING pc=0x000002bd885358f4 sp=0x000000c9810f9970
Event: 961.912 Thread 0x000002bd920bd800 DEOPT UNPACKING pc=0x000002bd800278af sp=0x000000c9810f9910 mode 2
Event: 961.927 Thread 0x000002bd920be800 Uncommon trap: trap_request=0xffffffd6 fr.pc=0x000002bd87b2ed88 relative=0x0000000000000548
Event: 961.927 Thread 0x000002bd920be800 Uncommon trap: reason=array_check action=maybe_recompile pc=0x000002bd87b2ed88 method=java.util.TimSort.reverseRange([Ljava/lang/Object;II)V @ 27 c2
Event: 961.927 Thread 0x000002bd920be800 DEOPT PACKING pc=0x000002bd87b2ed88 sp=0x000000c9814fcaa0
Event: 961.927 Thread 0x000002bd920be800 DEOPT UNPACKING pc=0x000002bd800278af sp=0x000000c9814fc9d0 mode 2
Event: 961.945 Thread 0x000002bd920bd800 Uncommon trap: trap_request=0xffffffbe fr.pc=0x000002bd886a2600 relative=0x0000000000000a00
Event: 961.945 Thread 0x000002bd920bd800 Uncommon trap: reason=profile_predicate action=maybe_recompile pc=0x000002bd886a2600 method=java.util.regex.Pattern$BnM.optimize(Ljava/util/regex/Pattern$Node;)Ljava/util/regex/Pattern$Node; @ 67 c2
Event: 961.945 Thread 0x000002bd920bd800 DEOPT PACKING pc=0x000002bd886a2600 sp=0x000000c9810fafd0
Event: 961.945 Thread 0x000002bd920bd800 DEOPT UNPACKING pc=0x000002bd800278af sp=0x000000c9810faf08 mode 2
Event: 962.182 Thread 0x000002bd920bd800 Uncommon trap: trap_request=0xffffff4d fr.pc=0x000002bd87b66a10 relative=0x0000000000000cf0
Event: 962.182 Thread 0x000002bd920bd800 Uncommon trap: reason=unstable_if action=reinterpret pc=0x000002bd87b66a10 method=java.lang.ClassValue.match(Ljava/lang/ClassValue$Entry;)Z @ 12 c2
Event: 962.182 Thread 0x000002bd920bd800 DEOPT PACKING pc=0x000002bd87b66a10 sp=0x000000c9810fa2d0
Event: 962.182 Thread 0x000002bd920bd800 DEOPT UNPACKING pc=0x000002bd800278af sp=0x000000c9810fa0a8 mode 2

Classes redefined (0 events):
No events

Internal exceptions (20 events):
Event: 961.244 Thread 0x000002bd920bd800 Exception <a 'java/lang/ClassNotFoundException'{0x000000008960ebf0}: build_7orkh7zkuajwhsncnomo2bile$_run_closure1BeanInfo> (0x000000008960ebf0) thrown at [./src/hotspot/share/classfile/systemDictionary.cpp, line 231]
Event: 961.245 Thread 0x000002bd920bd800 Exception <a 'java/lang/ClassNotFoundException'{0x000000008961c780}: build_7orkh7zkuajwhsncnomo2bile$_run_closure1Customizer> (0x000000008961c780) thrown at [./src/hotspot/share/classfile/systemDictionary.cpp, line 231]
Event: 961.282 Thread 0x000002bd920bd800 Implicit null exception at 0x000002bd885631fe to 0x000002bd88563310
Event: 961.438 Thread 0x000002bd920bd800 Exception <a 'java/lang/ClassNotFoundException'{0x00000000890f8110}: org/jetbrains/plugins/gradle/model/web/WebConfigurationBeanInfo> (0x00000000890f8110) thrown at [./src/hotspot/share/classfile/systemDictionary.cpp, line 231]
Event: 961.439 Thread 0x000002bd920bd800 Exception <a 'java/lang/ClassNotFoundException'{0x0000000088f09d88}: org/jetbrains/plugins/gradle/model/web/WebConfigurationCustomizer> (0x0000000088f09d88) thrown at [./src/hotspot/share/classfile/systemDictionary.cpp, line 231]
Event: 961.442 Thread 0x000002bd920bd800 Exception <a 'java/lang/ClassNotFoundException'{0x0000000088f40c40}: org/jetbrains/plugins/gradle/model/scala/ScalaModelBeanInfo> (0x0000000088f40c40) thrown at [./src/hotspot/share/classfile/systemDictionary.cpp, line 231]
Event: 961.442 Thread 0x000002bd920bd800 Exception <a 'java/lang/ClassNotFoundException'{0x0000000088f52450}: org/jetbrains/plugins/gradle/model/scala/ScalaModelCustomizer> (0x0000000088f52450) thrown at [./src/hotspot/share/classfile/systemDictionary.cpp, line 231]
Event: 961.552 Thread 0x000002bd920bd800 Implicit null exception at 0x000002bd88336f1b to 0x000002bd8833f5ac
Event: 961.927 Thread 0x000002bd920be800 Exception <a 'java/lang/NoSuchMethodError'{0x0000000089190260}: <clinit>> (0x0000000089190260) thrown at [./src/hotspot/share/prims/jni.cpp, line 1362]
Event: 961.970 Thread 0x000002bd920bd800 Exception <a 'java/lang/NoSuchMethodError'{0x0000000088f6cc28}: <clinit>> (0x0000000088f6cc28) thrown at [./src/hotspot/share/prims/jni.cpp, line 1362]
Event: 962.160 Thread 0x000002bd920bd800 Exception <a 'java/lang/ClassNotFoundException'{0x000000008b7c7588}: org/codehaus/groovy/runtime/NullObjectBeanInfo> (0x000000008b7c7588) thrown at [./src/hotspot/share/classfile/systemDictionary.cpp, line 231]
Event: 962.164 Thread 0x000002bd920bd800 Exception <a 'java/lang/ClassNotFoundException'{0x000000008b59d850}: org/codehaus/groovy/runtime/NullObjectCustomizer> (0x000000008b59d850) thrown at [./src/hotspot/share/classfile/systemDictionary.cpp, line 231]
Event: 962.172 Thread 0x000002bd920bd800 Exception <a 'java/lang/NoSuchMethodError'{0x000000008b42a748}: <clinit>> (0x000000008b42a748) thrown at [./src/hotspot/share/prims/jni.cpp, line 1362]
Event: 962.177 Thread 0x000002bd920bd800 Exception <a 'java/lang/NoSuchMethodError'{0x000000008b4aa508}: <clinit>> (0x000000008b4aa508) thrown at [./src/hotspot/share/prims/jni.cpp, line 1362]
Event: 962.184 Thread 0x000002bd920bd800 Exception <a 'java/lang/ClassNotFoundException'{0x000000008b4e5710}: org/jetbrains/plugins/gradle/tooling/util/SourceSetCachedFinder$1BeanInfo> (0x000000008b4e5710) thrown at [./src/hotspot/share/classfile/systemDictionary.cpp, line 231]
Event: 962.184 Thread 0x000002bd920bd800 Exception <a 'java/lang/ClassNotFoundException'{0x000000008b4f7000}: org/jetbrains/plugins/gradle/tooling/util/SourceSetCachedFinder$1Customizer> (0x000000008b4f7000) thrown at [./src/hotspot/share/classfile/systemDictionary.cpp, line 231]
Event: 962.188 Thread 0x000002bd920bd800 Exception <a 'java/lang/ClassNotFoundException'{0x000000008b332c80}: org/jetbrains/plugins/gradle/tooling/util/SourceSetCachedFinder$2BeanInfo> (0x000000008b332c80) thrown at [./src/hotspot/share/classfile/systemDictionary.cpp, line 231]
Event: 962.188 Thread 0x000002bd920bd800 Exception <a 'java/lang/ClassNotFoundException'{0x000000008b344570}: org/jetbrains/plugins/gradle/tooling/util/SourceSetCachedFinder$2Customizer> (0x000000008b344570) thrown at [./src/hotspot/share/classfile/systemDictionary.cpp, line 231]
Event: 962.190 Thread 0x000002bd920bd800 Exception <a 'java/lang/ClassNotFoundException'{0x000000008b379b50}: org/jetbrains/plugins/gradle/tooling/util/SourceSetCachedFinderBeanInfo> (0x000000008b379b50) thrown at [./src/hotspot/share/classfile/systemDictionary.cpp, line 231]
Event: 962.190 Thread 0x000002bd920bd800 Exception <a 'java/lang/ClassNotFoundException'{0x000000008b38adc8}: org/jetbrains/plugins/gradle/tooling/util/SourceSetCachedFinderCustomizer> (0x000000008b38adc8) thrown at [./src/hotspot/share/classfile/systemDictionary.cpp, line 231]

Events (20 events):
Event: 962.190 loading class org/jetbrains/plugins/gradle/tooling/util/SourceSetCachedFinderCustomizer
Event: 962.190 loading class org/jetbrains/plugins/gradle/tooling/util/SourceSetCachedFinderCustomizer done
Event: 962.190 loading class org/jetbrains/plugins/gradle/tooling/util/SourceSetCachedFinderCustomizer
Event: 962.190 loading class org/jetbrains/plugins/gradle/tooling/util/SourceSetCachedFinderCustomizer done
Event: 962.190 loading class org/jetbrains/plugins/gradle/tooling/util/SourceSetCachedFinderCustomizer
Event: 962.190 loading class org/jetbrains/plugins/gradle/tooling/util/SourceSetCachedFinderCustomizer done
Event: 962.191 loading class org/jetbrains/plugins/gradle/tooling/util/resolve/DependencyResolverImpl
Event: 962.191 loading class org/jetbrains/plugins/gradle/tooling/util/resolve/DependencyResolverImpl done
Event: 962.192 loading class org/jetbrains/plugins/gradle/tooling/util/DependencyResolver
Event: 962.192 loading class org/jetbrains/plugins/gradle/tooling/util/DependencyResolver done
Event: 962.193 loading class org/jetbrains/plugins/gradle/model/AbstractExternalDependency
Event: 962.193 loading class org/jetbrains/plugins/gradle/model/AbstractExternalDependency done
Event: 962.193 loading class org/jetbrains/plugins/gradle/model/ExternalDependency
Event: 962.193 loading class org/jetbrains/plugins/gradle/model/ExternalDependency done
Event: 962.193 loading class org/jetbrains/plugins/gradle/model/DefaultExternalProjectDependency
Event: 962.193 loading class org/jetbrains/plugins/gradle/model/DefaultExternalProjectDependency done
Event: 962.194 loading class org/jetbrains/plugins/gradle/model/ExternalProjectDependency
Event: 962.194 loading class org/jetbrains/plugins/gradle/model/ExternalProjectDependency done
Event: 962.194 loading class org/jetbrains/plugins/gradle/model/DefaultExternalLibraryDependency
Event: 962.194 loading class org/jetbrains/plugins/gradle/model/DefaultExternalLibraryDependency done


Dynamic libraries:
0x00007ff65f370000 - 0x00007ff65f37a000 	C:\Program Files\Android\Android Studio1\jre\bin\java.exe
0x00007ffdcad70000 - 0x00007ffdcaf65000 	C:\Windows\SYSTEM32\ntdll.dll
0x00007ffdca9a0000 - 0x00007ffdcaa5e000 	C:\Windows\System32\KERNEL32.DLL
0x00007ffdc8500000 - 0x00007ffdc87c8000 	C:\Windows\System32\KERNELBASE.dll
0x00007ffdc8cb0000 - 0x00007ffdc8db0000 	C:\Windows\System32\ucrtbase.dll
0x00007ffdabb40000 - 0x00007ffdabb57000 	C:\Program Files\Android\Android Studio1\jre\bin\VCRUNTIME140.dll
0x00007ffdabb20000 - 0x00007ffdabb39000 	C:\Program Files\Android\Android Studio1\jre\bin\jli.dll
0x00007ffdc8f90000 - 0x00007ffdc9131000 	C:\Windows\System32\USER32.dll
0x00007ffdc8a30000 - 0x00007ffdc8a52000 	C:\Windows\System32\win32u.dll
0x00007ffdaeeb0000 - 0x00007ffdaf14a000 	C:\Windows\WinSxS\amd64_microsoft.windows.common-controls_6595b64144ccf1df_6.0.19041.1110_none_60b5254171f9507e\COMCTL32.dll
0x00007ffdc8db0000 - 0x00007ffdc8ddb000 	C:\Windows\System32\GDI32.dll
0x00007ffdc9200000 - 0x00007ffdc929e000 	C:\Windows\System32\msvcrt.dll
0x00007ffdc8af0000 - 0x00007ffdc8bfd000 	C:\Windows\System32\gdi32full.dll
0x00007ffdc8830000 - 0x00007ffdc88cd000 	C:\Windows\System32\msvcp_win.dll
0x00007ffdc92a0000 - 0x00007ffdc92d0000 	C:\Windows\System32\IMM32.DLL
0x00007ffd905c0000 - 0x00007ffd9065d000 	C:\Program Files\Android\Android Studio1\jre\bin\msvcp140.dll
0x00007ffd7a1c0000 - 0x00007ffd7ac8f000 	C:\Program Files\Android\Android Studio1\jre\bin\server\jvm.dll
0x00007ffdc9d10000 - 0x00007ffdc9dbe000 	C:\Windows\System32\ADVAPI32.dll
0x00007ffdc92d0000 - 0x00007ffdc936c000 	C:\Windows\System32\sechost.dll
0x00007ffdca620000 - 0x00007ffdca745000 	C:\Windows\System32\RPCRT4.dll
0x00007ffdcaac0000 - 0x00007ffdcaac8000 	C:\Windows\System32\PSAPI.DLL
0x00007ffdb2220000 - 0x00007ffdb2247000 	C:\Windows\SYSTEM32\WINMM.dll
0x00007ffdc17b0000 - 0x00007ffdc17b9000 	C:\Windows\SYSTEM32\WSOCK32.dll
0x00007ffdc0220000 - 0x00007ffdc022a000 	C:\Windows\SYSTEM32\VERSION.dll
0x00007ffdca930000 - 0x00007ffdca99b000 	C:\Windows\System32\WS2_32.dll
0x00007ffdc6400000 - 0x00007ffdc6412000 	C:\Windows\SYSTEM32\kernel.appcore.dll
0x00007ffdc1790000 - 0x00007ffdc17a1000 	C:\Program Files\Android\Android Studio1\jre\bin\verify.dll
0x00007ffdc6120000 - 0x00007ffdc6304000 	C:\Windows\SYSTEM32\DBGHELP.DLL
0x00007ffdb7400000 - 0x00007ffdb742c000 	C:\Windows\SYSTEM32\dbgcore.DLL
0x00007ffdc8a60000 - 0x00007ffdc8ae2000 	C:\Windows\System32\bcryptPrimitives.dll
0x00007ffdb6eb0000 - 0x00007ffdb6ed9000 	C:\Program Files\Android\Android Studio1\jre\bin\java.dll
0x00007ffdc1780000 - 0x00007ffdc178b000 	C:\Program Files\Android\Android Studio1\jre\bin\jimage.dll
0x00007ffdb6e20000 - 0x00007ffdb6e38000 	C:\Program Files\Android\Android Studio1\jre\bin\zip.dll
0x00007ffdc95a0000 - 0x00007ffdc9ce4000 	C:\Windows\System32\SHELL32.dll
0x00007ffdc6570000 - 0x00007ffdc6d05000 	C:\Windows\SYSTEM32\windows.storage.dll
0x00007ffdc9e40000 - 0x00007ffdca195000 	C:\Windows\System32\combase.dll
0x00007ffdc7ed0000 - 0x00007ffdc7efe000 	C:\Windows\SYSTEM32\Wldp.dll
0x00007ffdc9150000 - 0x00007ffdc91fd000 	C:\Windows\System32\SHCORE.dll
0x00007ffdc9370000 - 0x00007ffdc93c5000 	C:\Windows\System32\shlwapi.dll
0x00007ffdc83c0000 - 0x00007ffdc83df000 	C:\Windows\SYSTEM32\profapi.dll
0x00007ffdb6b70000 - 0x00007ffdb6b8a000 	C:\Program Files\Android\Android Studio1\jre\bin\net.dll
0x00007ffdbed00000 - 0x00007ffdbee0c000 	C:\Windows\SYSTEM32\WINHTTP.dll
0x00007ffdc7c30000 - 0x00007ffdc7c9a000 	C:\Windows\system32\mswsock.dll
0x00007ffdb6b50000 - 0x00007ffdb6b64000 	C:\Program Files\Android\Android Studio1\jre\bin\nio.dll
0x00007ffdb5fd0000 - 0x00007ffdb5ff7000 	C:\Users\Kamlesh\.gradle\native\8bec1ad78214c89d9ad589b4d07fe93259594b29d510b10fafb7a158f7737e5d\windows-amd64\native-platform.dll
0x00007ffd8ebd0000 - 0x00007ffd8ed0d000 	C:\Users\Kamlesh\.gradle\native\53dbd7edfb1c66fb8903c78663c9afc45aea4f116125fa6feffd364cf09443e8\windows-amd64\native-platform-file-events.dll
0x00007ffdc1770000 - 0x00007ffdc177a000 	C:\Program Files\Android\Android Studio1\jre\bin\management.dll
0x00007ffdbf7e0000 - 0x00007ffdbf7ec000 	C:\Program Files\Android\Android Studio1\jre\bin\management_ext.dll
0x00007ffdc7e30000 - 0x00007ffdc7e48000 	C:\Windows\SYSTEM32\CRYPTSP.dll
0x00007ffdc7540000 - 0x00007ffdc7574000 	C:\Windows\system32\rsaenh.dll
0x00007ffdc8480000 - 0x00007ffdc84a7000 	C:\Windows\System32\bcrypt.dll
0x00007ffdc8380000 - 0x00007ffdc83ae000 	C:\Windows\SYSTEM32\USERENV.dll
0x00007ffdc7e20000 - 0x00007ffdc7e2c000 	C:\Windows\SYSTEM32\CRYPTBASE.dll
0x00007ffdc78d0000 - 0x00007ffdc790b000 	C:\Windows\SYSTEM32\IPHLPAPI.DLL
0x00007ffdc9140000 - 0x00007ffdc9148000 	C:\Windows\System32\NSI.dll
0x00007ffdbf8a0000 - 0x00007ffdbf8b7000 	C:\Windows\SYSTEM32\dhcpcsvc6.DLL
0x00007ffdbfb60000 - 0x00007ffdbfb7d000 	C:\Windows\SYSTEM32\dhcpcsvc.DLL
0x00007ffdc7920000 - 0x00007ffdc79eb000 	C:\Windows\SYSTEM32\DNSAPI.dll
0x00007ffdabb00000 - 0x00007ffdabb1e000 	C:\Users\Kamlesh\AppData\Local\Temp\native-platform9371195596638410192dir\native-platform.dll
0x00007ffdc45f0000 - 0x00007ffdc45f8000 	C:\Program Files\Android\Android Studio1\jre\bin\rmi.dll
0x00007ffdb6220000 - 0x00007ffdb6247000 	C:\Program Files\Android\Android Studio1\jre\bin\sunec.dll

dbghelp: loaded successfully - version: 4.0.5 - missing functions: none
symbol engine: initialized successfully - sym options: 0x614 - pdb path: .;C:\Program Files\Android\Android Studio1\jre\bin;C:\Windows\SYSTEM32;C:\Windows\WinSxS\amd64_microsoft.windows.common-controls_6595b64144ccf1df_6.0.19041.1110_none_60b5254171f9507e;C:\Program Files\Android\Android Studio1\jre\bin\server;C:\Users\Kamlesh\.gradle\native\8bec1ad78214c89d9ad589b4d07fe93259594b29d510b10fafb7a158f7737e5d\windows-amd64;C:\Users\Kamlesh\.gradle\native\53dbd7edfb1c66fb8903c78663c9afc45aea4f116125fa6feffd364cf09443e8\windows-amd64;C:\Users\Kamlesh\AppData\Local\Temp\native-platform9371195596638410192dir

VM Arguments:
jvm_args: --add-opens=java.base/java.util=ALL-UNNAMED --add-opens=java.base/java.lang=ALL-UNNAMED --add-opens=java.base/java.lang.invoke=ALL-UNNAMED --add-opens=java.base/java.util=ALL-UNNAMED --add-opens=java.prefs/java.util.prefs=ALL-UNNAMED --add-opens=java.prefs/java.util.prefs=ALL-UNNAMED --add-opens=java.base/java.nio.charset=ALL-UNNAMED --add-opens=java.base/java.net=ALL-UNNAMED --add-opens=java.base/java.util.concurrent.atomic=ALL-UNNAMED -Xmx2048m -Dfile.encoding=UTF-8 -Duser.country=US -Duser.language=en -Duser.variant 
java_command: org.gradle.launcher.daemon.bootstrap.GradleDaemon 7.0.2
java_class_path (initial): C:\Users\Kamlesh\.gradle\wrapper\dists\gradle-7.0.2-bin\857tjihv64xamwrf0h14cai3r\gradle-7.0.2\lib\gradle-launcher-7.0.2.jar
Launcher Type: SUN_STANDARD

[Global flags]
     intx CICompilerCount                          = 4                                         {product} {ergonomic}
     uint ConcGCThreads                            = 2                                         {product} {ergonomic}
     uint G1ConcRefinementThreads                  = 8                                         {product} {ergonomic}
   size_t G1HeapRegionSize                         = 1048576                                   {product} {ergonomic}
    uintx GCDrainStackTargetSize                   = 64                                        {product} {ergonomic}
   size_t InitialHeapSize                          = 134217728                                 {product} {ergonomic}
   size_t MarkStackSize                            = 4194304                                   {product} {ergonomic}
   size_t MaxHeapSize                              = 2147483648                                {product} {command line}
   size_t MaxNewSize                               = 1287651328                                {product} {ergonomic}
   size_t MinHeapDeltaBytes                        = 1048576                                   {product} {ergonomic}
    uintx NonNMethodCodeHeapSize                   = 5836300                                {pd product} {ergonomic}
    uintx NonProfiledCodeHeapSize                  = 122910970                              {pd product} {ergonomic}
    uintx ProfiledCodeHeapSize                     = 122910970                              {pd product} {ergonomic}
    uintx ReservedCodeCacheSize                    = 251658240                              {pd product} {ergonomic}
     bool SegmentedCodeCache                       = true                                      {product} {ergonomic}
     bool UseCompressedClassPointers               = true                                 {lp64_product} {ergonomic}
     bool UseCompressedOops                        = true                                 {lp64_product} {ergonomic}
     bool UseG1GC                                  = true                                      {product} {ergonomic}
     bool UseLargePagesIndividualAllocation        = false                                  {pd product} {ergonomic}

Logging:
Log output configuration:
 #0: stdout all=warning uptime,level,tags
 #1: stderr all=off uptime,level,tags

Environment Variables:
JAVA_HOME=C:\Program Files (x86)\Java\jdk1.8.0_301
PATH=C:\Windows\system32;C:\Windows;C:\Windows\System32\Wbem;C:\Windows\System32\WindowsPowerShell\v1.0\;C:\Windows\System32\OpenSSH\;C:\Program Files\Git\cmd;C:\Program Files\nodejs\;C:\Users\Kamlesh\AppData\Local\Microsoft\WindowsApps;;C:\Users\Kamlesh\AppData\Local\Programs\Microsoft VS Code\bin;C:\Program Files\JetBrains\IntelliJ IDEA 2019.3.4\bin;;C:\Users\Kamlesh\AppData\Roaming\npm
USERNAME=Kamlesh
OS=Windows_NT
PROCESSOR_IDENTIFIER=Intel64 Family 6 Model 142 Stepping 10, GenuineIntel



---------------  S Y S T E M  ---------------

OS: Windows 10 , 64 bit Build 19041 (10.0.19041.1466)
OS uptime: 7 days 11:16 hours

CPU:total 8 (initial active 8) (4 cores per cpu, 2 threads per core) family 6 model 142 stepping 10 microcode 0xb4, cmov, cx8, fxsr, mmx, sse, sse2, sse3, ssse3, sse4.1, sse4.2, popcnt, avx, avx2, aes, clmul, erms, 3dnowpref, lzcnt, ht, tsc, tscinvbit, bmi1, bmi2, adx, fma

Memory: 4k page, system-wide physical 8107M (1075M free)
TotalPageFile size 10016M (AvailPageFile size 3M)
current process WorkingSet (physical memory assigned to process): 459M, peak: 499M
current process commit charge ("private bytes"): 562M, peak: 563M

vm_info: OpenJDK 64-Bit Server VM (11.0.10+0-b96-7249189) for windows-amd64 JRE (11.0.10+0-b96-7249189), built on Mar 31 2021 21:44:00 by "builder" with MS VC++ 14.0 (VS2015)

END.
